<?xml version="1.0" encoding="UTF-8"?>
<!-- Generated by org.testng.reporters.JUnitReportReporter -->
<testsuite hostname="Aparna-Juvvanapudu-B364-MacBook-Pro.local" failures="0" tests="2" name="com.lyka.qa.testcases.namepage_test" time="5.409" errors="0" timestamp="2022-09-17T22:28:13 IST" skipped="0">
  <testcase classname="com.lyka.qa.testcases.namepage_test" name="validatepuppernametest" time="5.344"/>
  <system-out/>
  <testcase classname="com.lyka.qa.testcases.namepage_test" name="validatelogo" time="0.065"/>
  <system-out/>
</testsuite> <!-- com.lyka.qa.testcases.namepage_test -->
