<?xml version="1.0" encoding="UTF-8"?>
<!-- Generated by org.testng.reporters.JUnitReportReporter -->
<testsuite hostname="Aparna-Juvvanapudu-B364-MacBook-Pro.local" failures="0" tests="1" name="com.lyka.qa.testcases.postcodepage_test" time="5.214" errors="0" timestamp="2022-09-14T22:52:21 IST" skipped="0">
  <testcase classname="com.lyka.qa.testcases.postcodepage_test" name="validatepostcodepagetest" time="5.214"/>
  <system-out/>
</testsuite> <!-- com.lyka.qa.testcases.postcodepage_test -->
