<?xml version="1.0" encoding="UTF-8"?>
<!-- Generated by org.testng.reporters.JUnitReportReporter -->
<testsuite hostname="Aparna-Juvvanapudu-B364-MacBook-Pro.local" failures="0" tests="2" name="com.lyka.qa.testcases.namepage_test" time="5.401" errors="0" timestamp="2022-09-14T16:36:25 IST" skipped="0">
  <testcase classname="com.lyka.qa.testcases.namepage_test" name="validatepuppernametest" time="5.345"/>
  <system-out/>
  <testcase classname="com.lyka.qa.testcases.namepage_test" name="validatelogo" time="0.056"/>
  <system-out/>
</testsuite> <!-- com.lyka.qa.testcases.namepage_test -->
