<?xml version="1.0" encoding="UTF-8"?>
<!-- Generated by org.testng.reporters.JUnitReportReporter -->
<testsuite hostname="Aparna-Juvvanapudu-B364-MacBook-Pro.local" failures="0" tests="3" name="seleniumwebdrivermanager.webdrivermanagertest" time="5.681" errors="0" timestamp="2022-06-06T21:53:09 IST" skipped="0">
  <testcase classname="seleniumwebdrivermanager.webdrivermanagertest" name="logo" time="5.103"/>
  <system-out/>
  <testcase classname="seleniumwebdrivermanager.webdrivermanagertest" name="postcode" time="0.262"/>
  <system-out/>
  <testcase classname="seleniumwebdrivermanager.webdrivermanagertest" name="dogname" time="0.316"/>
  <system-out/>
</testsuite> <!-- seleniumwebdrivermanager.webdrivermanagertest -->
