<?xml version="1.0" encoding="UTF-8"?>
<!-- Generated by org.testng.reporters.JUnitReportReporter -->
<testsuite hostname="Aparna-Juvvanapudu-B364-MacBook-Pro.local" failures="0" tests="1" name="lykaproject.TestngBasics" time="5.059" errors="0" timestamp="2022-06-18T22:01:11 IST" skipped="0">
  <testcase classname="lykaproject.TestngBasics" name="Titletest" time="5.059"/>
  <system-out/>
</testsuite> <!-- lykaproject.TestngBasics -->
