<?xml version="1.0" encoding="UTF-8"?>
<!-- Generated by org.testng.reporters.JUnitReportReporter -->
<testsuite hostname="AparnaJuB364MBP" failures="0" tests="1" name="lykaproject.lyka_getstarted" time="33.683" errors="0" timestamp="2022-07-10T23:18:59 IST" skipped="0">
  <testcase classname="lykaproject.lyka_getstarted" name="namepage" time="33.683"/>
  <system-out/>
</testsuite> <!-- lykaproject.lyka_getstarted -->
