<?xml version="1.0" encoding="UTF-8"?>
<!-- Generated by org.testng.reporters.JUnitReportReporter -->
<testsuite hostname="Aparna-Juvvanapudu-B364-MacBook-Pro.local" failures="0" tests="1" name="com.lyka.qa.testcases.postcodepage_test" time="5.204" errors="0" timestamp="2022-09-17T22:28:55 IST" skipped="0">
  <testcase classname="com.lyka.qa.testcases.postcodepage_test" name="validatepostcodepagetest" time="5.204"/>
  <system-out/>
</testsuite> <!-- com.lyka.qa.testcases.postcodepage_test -->
