<?xml version="1.0" encoding="UTF-8"?>
<!-- Generated by org.testng.reporters.JUnitReportReporter -->
<testsuite hostname="Aparna-Juvvanapudu-B364-MacBook-Pro.local" failures="0" tests="4" name="lykaproject.test.Testcase_page_1" time="6.180" errors="0" timestamp="2022-06-13T19:49:57 IST" skipped="0">
  <testcase classname="lykaproject.test.Testcase_page_1" name="logo" time="5.129"/>
  <system-out/>
  <testcase classname="lykaproject.test.Testcase_page_1" name="postcode" time="0.250"/>
  <system-out/>
  <testcase classname="lykaproject.test.Testcase_page_1" name="dogname" time="0.400"/>
  <system-out/>
  <testcase classname="lykaproject.test.Testcase_page_1" name="dogbreed" time="0.401"/>
  <system-out/>
</testsuite> <!-- lykaproject.test.Testcase_page_1 -->
